<?xml version="1.0" encoding="utf-8"?><testsuites><testsuite name="pytest" errors="0" failures="3" skipped="1" tests="14" time="10.893" timestamp="2025-08-29T15:27:18.320062" hostname="B3NZ0"><testcase classname="tests.test_aws_deployment.TestCSSModularization" name="test_css_files_loaded_in_correct_order" time="0.189" /><testcase classname="tests.test_aws_deployment.TestCSSModularization" name="test_css_files_accessible" time="0.261" /><testcase classname="tests.test_aws_deployment.TestCSSModularization" name="test_no_css_errors" time="0.248" /><testcase classname="tests.test_aws_deployment.TestArenaMode" name="test_arena_css_contains_voting_styles" time="0.036"><failure message="AssertionError: Missing required Arena style: .views-counter&#10;assert '.views-counter' in '/* Arena Mode Specific Styles */\n\n/* Arena Container */\n.dual-response-container {\n    background: white;\n    border: 1px solid #e5e7eb;\n    border-radius: 12px;\n    padding: 24px;\n    margin: 16px 0;\n    box-shadow: 0 1px 3px rgba(0, 0, 0, 0.1);\n}\n\n/* Arena Header */\n.arena-header {\n    margin-bottom: 16px;\n    padding-bottom: 12px;\n    border-bottom: 1px solid #f3f4f6;\n    display: flex;\n    justify-content: space-between;\n    align-items: center;\n}\n\n/* Arena Badge */\n.arena-badge {\n    display: inline-block;\n    background: linear-gradient(135deg, #667eea 0%, #764ba2 100%);\n    color: white;\n    padding: 4px 12px;\n    border-radius: 20px;\n    font-size: 11px;\n    font-weight: 600;\n    text-transform: uppercase;\n    letter-spacing: 0.5px;\n    margin-left: 8px;\n}\n\n/* View Counter */\n.view-counter {\n    color: #6b7280;\n    font-size: 14px;\n    font-weight: 500;\n}\n\n/* Dual Response Grid */\n.dual-response-content {\n    display: grid;\n    grid-template-columns: 1fr 1fr;\n    gap: 24px;\n    margin-bottom: 20px;\n}\n\n/* Response Panels */\n.response-panel {\n    background: #f9fafb;\n    border: 1px solid #e5e7eb;\n    border-radius: 8p...nt-size: 12px;\n    color: #6b7280;\n    font-style: italic;\n    margin-top: 8px;\n    opacity: 0;\n    transition: opacity 0.3s ease;\n}\n\n.model-name.revealed {\n    opacity: 1;\n}\n\n/* View Navigation - Separate from voting */\n.view-navigation {\n    text-align: center !important;\n    margin-top: 16px !important;\n    padding-top: 16px !important;\n    border-top: 1px solid #e5e7eb !important;\n    color: #6b7280 !important;\n    font-size: 14px !important;\n}\n\n/* Mobile Responsive */\n@media (max-width: 768px) {\n    .dual-response-content {\n        grid-template-columns: 1fr;\n        gap: 16px;\n    }\n    \n    .voting-buttons {\n        flex-wrap: wrap !important;\n        gap: 8px !important;\n    }\n    \n    .vote-btn {\n        flex: 1 1 calc(50% - 4px) !important;\n        min-width: 120px !important;\n        padding: 8px 12px !important;\n        font-size: 13px !important;\n    }\n}\n\n/* Animation */\n@keyframes slideIn {\n    from {\n        opacity: 0;\n        transform: translateY(20px);\n    }\n    to {\n        opacity: 1;\n        transform: translateY(0);\n    }\n}\n\n.dual-response-container.new-message {\n    animation: slideIn 0.3s ease-out;\n}'">tests/test_aws_deployment.py:151: in test_arena_css_contains_voting_styles
    assert style in css_content, f"Missing required Arena style: {style}"
E   AssertionError: Missing required Arena style: .views-counter
E   assert '.views-counter' in '/* Arena Mode Specific Styles */\n\n/* Arena Container */\n.dual-response-container {\n    background: white;\n    border: 1px solid #e5e7eb;\n    border-radius: 12px;\n    padding: 24px;\n    margin: 16px 0;\n    box-shadow: 0 1px 3px rgba(0, 0, 0, 0.1);\n}\n\n/* Arena Header */\n.arena-header {\n    margin-bottom: 16px;\n    padding-bottom: 12px;\n    border-bottom: 1px solid #f3f4f6;\n    display: flex;\n    justify-content: space-between;\n    align-items: center;\n}\n\n/* Arena Badge */\n.arena-badge {\n    display: inline-block;\n    background: linear-gradient(135deg, #667eea 0%, #764ba2 100%);\n    color: white;\n    padding: 4px 12px;\n    border-radius: 20px;\n    font-size: 11px;\n    font-weight: 600;\n    text-transform: uppercase;\n    letter-spacing: 0.5px;\n    margin-left: 8px;\n}\n\n/* View Counter */\n.view-counter {\n    color: #6b7280;\n    font-size: 14px;\n    font-weight: 500;\n}\n\n/* Dual Response Grid */\n.dual-response-content {\n    display: grid;\n    grid-template-columns: 1fr 1fr;\n    gap: 24px;\n    margin-bottom: 20px;\n}\n\n/* Response Panels */\n.response-panel {\n    background: #f9fafb;\n    border: 1px solid #e5e7eb;\n    border-radius: 8p...nt-size: 12px;\n    color: #6b7280;\n    font-style: italic;\n    margin-top: 8px;\n    opacity: 0;\n    transition: opacity 0.3s ease;\n}\n\n.model-name.revealed {\n    opacity: 1;\n}\n\n/* View Navigation - Separate from voting */\n.view-navigation {\n    text-align: center !important;\n    margin-top: 16px !important;\n    padding-top: 16px !important;\n    border-top: 1px solid #e5e7eb !important;\n    color: #6b7280 !important;\n    font-size: 14px !important;\n}\n\n/* Mobile Responsive */\n@media (max-width: 768px) {\n    .dual-response-content {\n        grid-template-columns: 1fr;\n        gap: 16px;\n    }\n    \n    .voting-buttons {\n        flex-wrap: wrap !important;\n        gap: 8px !important;\n    }\n    \n    .vote-btn {\n        flex: 1 1 calc(50% - 4px) !important;\n        min-width: 120px !important;\n        padding: 8px 12px !important;\n        font-size: 13px !important;\n    }\n}\n\n/* Animation */\n@keyframes slideIn {\n    from {\n        opacity: 0;\n        transform: translateY(20px);\n    }\n    to {\n        opacity: 1;\n        transform: translateY(0);\n    }\n}\n\n.dual-response-container.new-message {\n    animation: slideIn 0.3s ease-out;\n}'</failure></testcase><testcase classname="tests.test_aws_deployment.TestArenaMode" name="test_arena_mode_accessible" time="0.170"><failure message="AssertionError: Arena page not accessible&#10;assert 404 in [200, 302]&#10; +  where 404 = &lt;Response [404]&gt;.status_code">tests/test_aws_deployment.py:172: in test_arena_mode_accessible
    assert response.status_code in [200, 302], "Arena page not accessible"
E   AssertionError: Arena page not accessible
E   assert 404 in [200, 302]
E    +  where 404 = &lt;Response [404]&gt;.status_code</failure></testcase><testcase classname="tests.test_aws_deployment.TestArenaMode" name="test_arena_api_endpoints" time="0.104"><skipped type="pytest.skip" message="No Arena API endpoints available">/mnt/c/Users/bbofo/OneDrive/Desktop/ChatMRPT/tests/test_aws_deployment.py:209: No Arena API endpoints available</skipped></testcase><testcase classname="tests.test_aws_deployment.TestAPIEndpoints" name="test_health_check" time="0.068"><failure message="AssertionError: Invalid health check response: {'overall': 'healthy', 'services': {'analysis_service': 'healthy', 'data_service': 'healthy', 'report_service': 'healthy', 'visualization_service': 'healthy'}, 'timestamp': '2025-08-29T20:30:23.391124'}&#10;assert ('status' in {'overall': 'healthy', 'services': {'analysis_service': 'healthy', 'data_service': 'healthy', 'report_service': 'healthy', 'visualization_service': 'healthy'}, 'timestamp': '2025-08-29T20:30:23.391124'} or 'ok' in {'overall': 'healthy', 'services': {'analysis_service': 'healthy', 'data_service': 'healthy', 'report_service': 'healthy', 'visualization_service': 'healthy'}, 'timestamp': '2025-08-29T20:30:23.391124'} or {'overall': '...30:23.391124'} == {'status': 'ok'}&#10;  Left contains 3 more items:&#10;  {'overall': 'healthy',&#10;   'services': {'analysis_service': 'healthy',&#10;                'data_service': 'healthy',&#10;                'report_service': 'healthy',&#10;                'visualization_service': 'healthy'},&#10;   'timestamp': '2025-08-29T20:30:23.391124'}...&#10;  &#10;  ...Full output truncated (12 lines hidden), use '-vv' to show)">tests/test_aws_deployment.py:227: in test_health_check
    assert 'status' in data or 'ok' in data or data == {'status': 'ok'}, \
E   AssertionError: Invalid health check response: {'overall': 'healthy', 'services': {'analysis_service': 'healthy', 'data_service': 'healthy', 'report_service': 'healthy', 'visualization_service': 'healthy'}, 'timestamp': '2025-08-29T20:30:23.391124'}
E   assert ('status' in {'overall': 'healthy', 'services': {'analysis_service': 'healthy', 'data_service': 'healthy', 'report_service': 'healthy', 'visualization_service': 'healthy'}, 'timestamp': '2025-08-29T20:30:23.391124'} or 'ok' in {'overall': 'healthy', 'services': {'analysis_service': 'healthy', 'data_service': 'healthy', 'report_service': 'healthy', 'visualization_service': 'healthy'}, 'timestamp': '2025-08-29T20:30:23.391124'} or {'overall': '...30:23.391124'} == {'status': 'ok'}
E     Left contains 3 more items:
E     {'overall': 'healthy',
E      'services': {'analysis_service': 'healthy',
E                   'data_service': 'healthy',
E                   'report_service': 'healthy',
E                   'visualization_service': 'healthy'},
E      'timestamp': '2025-08-29T20:30:23.391124'}...
E     
E     ...Full output truncated (12 lines hidden), use '-vv' to show)</failure></testcase><testcase classname="tests.test_aws_deployment.TestAPIEndpoints" name="test_static_files_served" time="0.088" /><testcase classname="tests.test_aws_deployment.TestAPIEndpoints" name="test_main_page_structure" time="0.071" /><testcase classname="tests.test_aws_deployment.TestMultiInstance" name="test_both_instances_accessible" time="0.094" /><testcase classname="tests.test_aws_deployment.TestMultiInstance" name="test_load_balancer_distribution" time="1.351" /><testcase classname="tests.test_aws_deployment.TestPerformance" name="test_page_load_time" time="0.227" /><testcase classname="tests.test_aws_deployment.TestPerformance" name="test_css_load_time" time="0.249" /><testcase classname="tests.test_aws_deployment.TestPerformance" name="test_concurrent_requests" time="1.282" /></testsuite></testsuites>